0 info it worked if it ends with ok
1 verbose cli [ 'C:\\Program Files\\nodejs\\node.exe',
1 verbose cli   'C:\\Program Files\\nodejs\\node_modules\\npm\\bin\\npm-cli.js',
1 verbose cli   'publish' ]
2 info using npm@3.10.10
3 info using node@v6.11.2
4 verbose publish [ '.' ]
5 silly cache add args [ '.', null ]
6 verbose cache add spec .
7 silly cache add parsed spec Result {
7 silly cache add   raw: '.',
7 silly cache add   scope: null,
7 silly cache add   escapedName: null,
7 silly cache add   name: null,
7 silly cache add   rawSpec: '.',
7 silly cache add   spec: 'C:\\Users\\fedai\\git\\me.codeloves\\cessnalib\\euglena.cli',
7 silly cache add   type: 'directory' }
8 verbose addLocalDirectory C:\Users\fedai\AppData\Roaming\npm-cache\@euglena\cli\0.1.1\package.tgz not in flight; packing
9 verbose correctMkdir C:\Users\fedai\AppData\Roaming\npm-cache correctMkdir not in flight; initializing
10 info lifecycle @euglena/cli@0.1.1~prepublish: @euglena/cli@0.1.1
11 silly lifecycle @euglena/cli@0.1.1~prepublish: no script for prepublish, continuing
12 verbose tar pack [ 'C:\\Users\\fedai\\AppData\\Roaming\\npm-cache\\@euglena\\cli\\0.1.1\\package.tgz',
12 verbose tar pack   'C:\\Users\\fedai\\git\\me.codeloves\\cessnalib\\euglena.cli' ]
13 verbose tarball C:\Users\fedai\AppData\Roaming\npm-cache\@euglena\cli\0.1.1\package.tgz
14 verbose folder C:\Users\fedai\git\me.codeloves\cessnalib\euglena.cli
15 verbose addLocalTarball adding from inside cache C:\Users\fedai\AppData\Roaming\npm-cache\@euglena\cli\0.1.1\package.tgz
16 verbose correctMkdir C:\Users\fedai\AppData\Roaming\npm-cache correctMkdir not in flight; initializing
17 silly cache afterAdd @euglena/cli@0.1.1
18 verbose afterAdd C:\Users\fedai\AppData\Roaming\npm-cache\@euglena\cli\0.1.1\package\package.json not in flight; writing
19 verbose correctMkdir C:\Users\fedai\AppData\Roaming\npm-cache correctMkdir not in flight; initializing
20 verbose afterAdd C:\Users\fedai\AppData\Roaming\npm-cache\@euglena\cli\0.1.1\package\package.json written
21 silly publish { name: '@euglena/cli',
21 silly publish   version: '0.1.1',
21 silly publish   description: 'Command Line Interface to create and manage euglena projects as simple as possible',
21 silly publish   scripts:
21 silly publish    { build: 'gulp build',
21 silly publish      test: 'euglena n new_app -t node',
21 silly publish      clean: 'rm new_app -rf',
21 silly publish      retest: 'npm run clean && npm run build && npm run test' },
21 silly publish   bin: { euglena: './bin/euglena' },
21 silly publish   repository:
21 silly publish    { type: 'git',
21 silly publish      url: 'git+https://github.com/codelovesme/euglena.cli.git' },
21 silly publish   author: { name: 'codelovesme@gmail.com' },
21 silly publish   license: 'GPL-2.0',
21 silly publish   bugs: { url: 'https://github.com/codelovesme/euglena.cli/issues' },
21 silly publish   homepage: 'https://github.com/codelovesme/euglena.cli#readme',
21 silly publish   dependencies:
21 silly publish    { '@euglena/core': '^0.1.6',
21 silly publish      '@euglena/template': '^1.0.1',
21 silly publish      cessnalib: '^0.2.0',
21 silly publish      commander: '^2.9.0',
21 silly publish      'json-beautify': '^1.0.1',
21 silly publish      progress: '^2.0.0',
21 silly publish      sys: '0.0.1' },
21 silly publish   devDependencies:
21 silly publish    { 'gulp-rename': '^1.2.2',
21 silly publish      typescript: '^2.6.1',
21 silly publish      '@angular/cli': '^1.0.6',
21 silly publish      '@types/commander': '^2.9.0',
21 silly publish      '@types/node': '^7.0.14',
21 silly publish      '@types/progress': '^1.1.28',
21 silly publish      '@types/chai': '^3.5.2',
21 silly publish      '@types/gulp': '^4.0.4',
21 silly publish      '@types/mocha': '^2.2.41',
21 silly publish      chai: '^3.5.0',
21 silly publish      gulp: '^3.9.1',
21 silly publish      'gulp-typescript': '^3.2.2',
21 silly publish      mocha: '^3.4.2',
21 silly publish      'gulp-mocha': '^4.3.1' },
21 silly publish   files: [ 'bin' ],
21 silly publish   engines: { node: '>= 0.9' },
21 silly publish   readme: '# euglena.cli\nCommand Line Interface to create and manage euglena projects as simple as possible\n\nSupported project types : Nodejs , Angular\n',
21 silly publish   readmeFilename: 'README.md',
21 silly publish   gitHead: '0a5597ad3049a212ecac335ca8f7ec4569be7e85',
21 silly publish   _id: '@euglena/cli@0.1.1',
21 silly publish   _shasum: '9c88f459685678cd90ae41df74bf94c903e71244',
21 silly publish   _from: '.' }
22 verbose getPublishConfig undefined
23 silly mapToRegistry name @euglena/cli
24 silly mapToRegistry scope (from package name) @euglena
25 verbose mapToRegistry no registry URL found in name for scope @euglena
26 silly mapToRegistry using default registry
27 silly mapToRegistry registry https://registry.npmjs.org/
28 silly mapToRegistry data Result {
28 silly mapToRegistry   raw: '@euglena/cli',
28 silly mapToRegistry   scope: '@euglena',
28 silly mapToRegistry   escapedName: '@euglena%2fcli',
28 silly mapToRegistry   name: '@euglena/cli',
28 silly mapToRegistry   rawSpec: '',
28 silly mapToRegistry   spec: 'latest',
28 silly mapToRegistry   type: 'tag' }
29 silly mapToRegistry uri https://registry.npmjs.org/@euglena%2fcli
30 verbose publish registryBase https://registry.npmjs.org/
31 silly publish uploading C:\Users\fedai\AppData\Roaming\npm-cache\@euglena\cli\0.1.1\package.tgz
32 verbose request uri https://registry.npmjs.org/@euglena%2fcli
33 verbose request sending authorization for write operation
34 info attempt registry request try #1 at 3:21:07 PM
35 verbose request using bearer token for auth
36 verbose request id af32c9b7180a01bc
37 http request PUT https://registry.npmjs.org/@euglena%2fcli
38 http 403 https://registry.npmjs.org/@euglena%2fcli
39 verbose headers { 'content-type': 'application/json',
39 verbose headers   'cache-control': 'max-age=0',
39 verbose headers   'content-length': '91',
39 verbose headers   'accept-ranges': 'bytes',
39 verbose headers   date: 'Sun, 26 Nov 2017 12:21:10 GMT',
39 verbose headers   via: '1.1 varnish',
39 verbose headers   connection: 'keep-alive',
39 verbose headers   'x-served-by': 'cache-hhn1526-HHN',
39 verbose headers   'x-cache': 'MISS',
39 verbose headers   'x-cache-hits': '0',
39 verbose headers   'x-timer': 'S1511698869.099599,VS0,VE1334' }
40 verbose request invalidating C:\Users\fedai\AppData\Roaming\npm-cache\registry.npmjs.org\_40euglena_252fcli on PUT
41 error publish Failed PUT 403
42 verbose stack Error: You cannot publish over the previously published version 0.1.1. : @euglena/cli
42 verbose stack     at makeError (C:\Program Files\nodejs\node_modules\npm\node_modules\npm-registry-client\lib\request.js:302:12)
42 verbose stack     at CachingRegistryClient.<anonymous> (C:\Program Files\nodejs\node_modules\npm\node_modules\npm-registry-client\lib\request.js:290:14)
42 verbose stack     at Request._callback (C:\Program Files\nodejs\node_modules\npm\node_modules\npm-registry-client\lib\request.js:210:14)
42 verbose stack     at Request.self.callback (C:\Program Files\nodejs\node_modules\npm\node_modules\request\request.js:187:22)
42 verbose stack     at emitTwo (events.js:106:13)
42 verbose stack     at Request.emit (events.js:191:7)
42 verbose stack     at Request.<anonymous> (C:\Program Files\nodejs\node_modules\npm\node_modules\request\request.js:1048:10)
42 verbose stack     at emitOne (events.js:96:13)
42 verbose stack     at Request.emit (events.js:188:7)
42 verbose stack     at IncomingMessage.<anonymous> (C:\Program Files\nodejs\node_modules\npm\node_modules\request\request.js:969:12)
43 verbose statusCode 403
44 verbose pkgid @euglena/cli
45 verbose cwd C:\Users\fedai\git\me.codeloves\cessnalib\euglena.cli
46 error Windows_NT 10.0.16299
47 error argv "C:\\Program Files\\nodejs\\node.exe" "C:\\Program Files\\nodejs\\node_modules\\npm\\bin\\npm-cli.js" "publish"
48 error node v6.11.2
49 error npm  v3.10.10
50 error code E403
51 error You cannot publish over the previously published version 0.1.1. : @euglena/cli
52 error If you need help, you may report this error at:
52 error     <https://github.com/npm/npm/issues>
53 verbose exit [ 1, true ]
